TN:
SF:src\App.jsx
FN:7,App
FN:13,(anonymous_1)
FN:25,(anonymous_2)
FN:39,(anonymous_3)
FN:56,(anonymous_4)
FN:63,(anonymous_5)
FN:70,(anonymous_6)
FN:76,(anonymous_7)
FN:77,(anonymous_8)
FN:92,(anonymous_9)
FNF:10
FNH:8
FNDA:23,App
FNDA:15,(anonymous_1)
FNDA:2,(anonymous_2)
FNDA:1,(anonymous_3)
FNDA:0,(anonymous_4)
FNDA:2,(anonymous_5)
FNDA:1,(anonymous_6)
FNDA:23,(anonymous_7)
FNDA:0,(anonymous_8)
FNDA:23,(anonymous_9)
DA:8,23
DA:9,23
DA:10,23
DA:11,23
DA:13,23
DA:14,15
DA:15,1
DA:16,1
DA:18,14
DA:19,14
DA:20,13
DA:25,23
DA:26,2
DA:27,2
DA:28,1
DA:29,1
DA:30,1
DA:31,1
DA:32,1
DA:33,1
DA:35,2
DA:36,2
DA:39,23
DA:40,1
DA:42,0
DA:44,0
DA:46,0
DA:48,1
DA:50,0
DA:52,0
DA:56,23
DA:57,0
DA:58,0
DA:59,0
DA:60,0
DA:63,23
DA:64,2
DA:65,2
DA:66,2
DA:70,23
DA:71,1
DA:72,1
DA:76,23
DA:77,23
DA:78,0
DA:79,0
DA:80,0
DA:81,0
DA:82,0
DA:83,0
DA:84,0
DA:85,0
DA:86,0
DA:87,0
DA:91,23
DA:92,23
DA:93,23
DA:97,23
LF:58
LH:39
BRDA:14,0,0,1
BRDA:14,0,1,14
BRDA:18,1,0,4
BRDA:18,1,1,10
BRDA:19,2,0,13
BRDA:19,2,1,1
BRDA:27,3,0,1
BRDA:27,3,1,1
BRDA:29,4,0,1
BRDA:29,4,1,0
BRDA:30,5,0,1
BRDA:30,5,1,0
BRDA:40,6,0,0
BRDA:40,6,1,0
BRDA:40,6,2,0
BRDA:40,6,3,1
BRDA:40,6,4,0
BRDA:40,6,5,0
BRDA:48,7,0,0
BRDA:48,7,1,1
BRDA:64,8,0,1
BRDA:64,8,1,1
BRDA:65,9,0,2
BRDA:65,9,1,0
BRDA:71,10,0,1
BRDA:71,10,1,0
BRDA:71,11,0,1
BRDA:71,11,1,1
BRDA:78,12,0,0
BRDA:78,12,1,0
BRDA:78,13,0,0
BRDA:78,13,1,0
BRDA:80,14,0,0
BRDA:80,14,1,0
BRDA:82,15,0,0
BRDA:82,15,1,0
BRDA:82,16,0,0
BRDA:82,16,1,0
BRDA:84,17,0,0
BRDA:84,17,1,0
BRDA:86,18,0,0
BRDA:86,18,1,0
BRF:42
BRH:18
end_of_record
TN:
SF:src\components\Button.jsx
FN:4,(anonymous_0)
FNF:1
FNH:1
FNDA:437,(anonymous_0)
DA:4,1
DA:5,437
DA:10,1
LF:3
LH:3
BRF:0
BRH:0
end_of_record
TN:
SF:src\components\ButtonPanel.jsx
FN:4,(anonymous_0)
FN:9,(anonymous_1)
FN:10,(anonymous_2)
FN:13,(anonymous_3)
FN:14,(anonymous_4)
FN:15,(anonymous_5)
FN:16,(anonymous_6)
FN:19,(anonymous_7)
FN:20,(anonymous_8)
FN:21,(anonymous_9)
FN:22,(anonymous_10)
FN:25,(anonymous_11)
FN:26,(anonymous_12)
FN:27,(anonymous_13)
FN:28,(anonymous_14)
FN:31,(anonymous_15)
FN:33,(anonymous_16)
FNF:17
FNH:5
FNDA:23,(anonymous_0)
FNDA:0,(anonymous_1)
FNDA:1,(anonymous_2)
FNDA:0,(anonymous_3)
FNDA:0,(anonymous_4)
FNDA:0,(anonymous_5)
FNDA:0,(anonymous_6)
FNDA:0,(anonymous_7)
FNDA:0,(anonymous_8)
FNDA:0,(anonymous_9)
FNDA:0,(anonymous_10)
FNDA:14,(anonymous_11)
FNDA:0,(anonymous_12)
FNDA:0,(anonymous_13)
FNDA:0,(anonymous_14)
FNDA:1,(anonymous_15)
FNDA:1,(anonymous_16)
DA:4,1
DA:5,23
DA:9,0
DA:10,1
DA:13,0
DA:14,0
DA:15,0
DA:16,0
DA:19,0
DA:20,0
DA:21,0
DA:22,0
DA:25,14
DA:26,0
DA:27,0
DA:28,0
DA:31,1
DA:33,1
LF:18
LH:6
BRF:0
BRH:0
end_of_record
TN:
SF:src\components\Display.jsx
FN:4,(anonymous_0)
FNF:1
FNH:1
FNDA:23,(anonymous_0)
DA:4,1
DA:5,23
DA:10,1
LF:3
LH:3
BRF:0
BRH:0
end_of_record
